Using pre-set license
Built from '2020.3/staging' branch; Version is '2020.3.0f1 (c7b5465681fb) revision 13088070'; Using compiler version '192528614'; Build Type 'Release'
OS: 'Windows 10 Home; OS build 19042.1110; Version 2009; 64bit' Language: 'zh' Physical Memory: 16310 MB
BatchMode: 1, IsHumanControllingUs: 0, StartBugReporterOnCrash: 0, Is64bit: 1, IsPro: 0

 COMMAND LINE ARGUMENTS:
C:\Program Files\Unity\Hub\Editor\2020.3.0f1\Editor\Unity.exe
-adb2
-batchMode
-noUpm
-name
AssetImportWorker0
-projectPath
E:/git/Unity/Unity_Demo_1/Practice_1
-logFile
Logs/AssetImportWorker0.log
-srvPort
53142
Successfully changed project path to: E:/git/Unity/Unity_Demo_1/Practice_1
E:/git/Unity/Unity_Demo_1/Practice_1
Using Asset Import Pipeline V2.
Refreshing native plugins compatible for Editor in 41.50 ms, found 1 plugins.
Preloading 0 native plugins for Editor in 0.00 ms.
Initialize engine version: 2020.3.0f1 (c7b5465681fb)
[Subsystems] Discovering subsystems at path C:/Program Files/Unity/Hub/Editor/2020.3.0f1/Editor/Data/Resources/UnitySubsystems
[Subsystems] Discovering subsystems at path E:/git/Unity/Unity_Demo_1/Practice_1/Assets
GfxDevice: creating device client; threaded=0
Direct3D:
    Version:  Direct3D 11.0 [level 11.1]
    Renderer: NVIDIA GeForce RTX 2070 (ID=0x1f02)
    Vendor:   
    VRAM:     8031 MB
    Driver:   27.21.14.6677
Initialize mono
Mono path[0] = 'C:/Program Files/Unity/Hub/Editor/2020.3.0f1/Editor/Data/Managed'
Mono path[1] = 'C:/Program Files/Unity/Hub/Editor/2020.3.0f1/Editor/Data/MonoBleedingEdge/lib/mono/unityjit'
Mono config path = 'C:/Program Files/Unity/Hub/Editor/2020.3.0f1/Editor/Data/MonoBleedingEdge/etc'
Using monoOptions --debugger-agent=transport=dt_socket,embedding=1,server=y,suspend=n,address=127.0.0.1:56516
Begin MonoManager ReloadAssembly
Registering precompiled unity dll's ...
Register platform support module: C:/Program Files/Unity/Hub/Editor/2020.3.0f1/Editor/Data/PlaybackEngines/WebGLSupport/UnityEditor.WebGL.Extensions.dll
Register platform support module: C:/Program Files/Unity/Hub/Editor/2020.3.0f1/Editor/Data/PlaybackEngines/WindowsStandaloneSupport/UnityEditor.WindowsStandalone.Extensions.dll
Registered in 0.003572 seconds.
Native extension for WindowsStandalone target not found
Native extension for WebGL target not found
Refreshing native plugins compatible for Editor in 41.12 ms, found 1 plugins.
Preloading 0 native plugins for Editor in 0.00 ms.
Invoked RoslynAnalysisRunner static constructor.
RoslynAnalysisRunner will not be running.
RoslynAnalysisRunner has terminated.
Mono: successfully reloaded assembly
- Completed reload, in  1.620 seconds
Platform modules already initialized, skipping
Registering precompiled user dll's ...
Registered in 0.000933 seconds.
Begin MonoManager ReloadAssembly
Native extension for WindowsStandalone target not found
Native extension for WebGL target not found
Refreshing native plugins compatible for Editor in 41.86 ms, found 1 plugins.
Preloading 0 native plugins for Editor in 0.00 ms.
Invoked RoslynAnalysisRunner static constructor.
RoslynAnalysisRunner will not be running.
RoslynAnalysisRunner has terminated.
Mono: successfully reloaded assembly
- Completed reload, in  1.194 seconds
Platform modules already initialized, skipping
========================================================================
Worker process is ready to serve import requests
Launched and connected shader compiler UnityShaderCompiler.exe after 0.06 seconds
Refreshing native plugins compatible for Editor in 0.40 ms, found 1 plugins.
Preloading 0 native plugins for Editor in 0.00 ms.
Unloading 1817 Unused Serialized files (Serialized files now loaded: 0)
System memory in use before: 85.3 MB.
System memory in use after: 85.3 MB.

Unloading 24 unused Assets to reduce memory usage. Loaded Objects now: 2262.
Total: 2.337100 ms (FindLiveObjects: 0.213700 ms CreateObjectMapping: 0.048200 ms MarkObjects: 1.920600 ms  DeleteObjects: 0.153400 ms)

========================================================================
Received Import Request.
  path: Assets/Scripts/Shop.cs
  artifactKey: Guid(2cd1548b3ab7c4e4eba08c64f7f2709f) Importer(815301076,1909f56bfc062723c751e8b465ee728b)
Start importing Assets/Scripts/Shop.cs using Guid(2cd1548b3ab7c4e4eba08c64f7f2709f) Importer(815301076,1909f56bfc062723c751e8b465ee728b)  -> (artifact id: 'addac9ee9d28a31ed0d6851ce91ca3ec') in 0.038645 seconds
  Import took 0.042893 seconds .

========================================================================
Received Import Request.
  Time since last request: 60.331705 seconds.
  path: Assets/Prefabs/Player.prefab
  artifactKey: Guid(6cfacb81485dcee47aaed006405da7ef) Importer(815301076,1909f56bfc062723c751e8b465ee728b)
Start importing Assets/Prefabs/Player.prefab using Guid(6cfacb81485dcee47aaed006405da7ef) Importer(815301076,1909f56bfc062723c751e8b465ee728b)  -> (artifact id: 'e1c5c762dcb6790cb25520ffcfbd0fc4') in 0.096528 seconds
  Import took 0.100016 seconds .

========================================================================
Received Import Request.
  Time since last request: 90.194255 seconds.
  path: Assets/Prefabs/Coin.prefab
  artifactKey: Guid(c5b97a53e3dcbd146bdb06fe254c12b8) Importer(815301076,1909f56bfc062723c751e8b465ee728b)
Start importing Assets/Prefabs/Coin.prefab using Guid(c5b97a53e3dcbd146bdb06fe254c12b8) Importer(815301076,1909f56bfc062723c751e8b465ee728b)  -> (artifact id: '26643f2c59e0804de5ed08eabf3bd363') in 0.010171 seconds
  Import took 0.013506 seconds .

========================================================================
Received Import Request.
  Time since last request: 0.006243 seconds.
  path: Assets/Prefabs/Coin.prefab
  artifactKey: Guid(c5b97a53e3dcbd146bdb06fe254c12b8) Importer(815301076,1909f56bfc062723c751e8b465ee728b)
Start importing Assets/Prefabs/Coin.prefab using Guid(c5b97a53e3dcbd146bdb06fe254c12b8) Importer(815301076,1909f56bfc062723c751e8b465ee728b)  -> (artifact id: '26643f2c59e0804de5ed08eabf3bd363') in 0.009505 seconds
  Import took 0.012529 seconds .

========================================================================
Received Import Request.
  Time since last request: 57.855274 seconds.
  path: Assets/Scripts/Controller.cs
  artifactKey: Guid(b744805bda11e114da8ff8db35b64415) Importer(815301076,1909f56bfc062723c751e8b465ee728b)
Start importing Assets/Scripts/Controller.cs using Guid(b744805bda11e114da8ff8db35b64415) Importer(815301076,1909f56bfc062723c751e8b465ee728b)  -> (artifact id: '1b004038567cd711eba142943a829b04') in 0.002205 seconds
  Import took 0.005227 seconds .

========================================================================
Received Import Request.
  Time since last request: 0.004003 seconds.
  path: Assets/Scripts/Controller.cs
  artifactKey: Guid(b744805bda11e114da8ff8db35b64415) Importer(815301076,1909f56bfc062723c751e8b465ee728b)
Start importing Assets/Scripts/Controller.cs using Guid(b744805bda11e114da8ff8db35b64415) Importer(815301076,1909f56bfc062723c751e8b465ee728b)  -> (artifact id: '1b004038567cd711eba142943a829b04') in 0.001864 seconds
  Import took 0.004438 seconds .

========================================================================
Received Prepare
Registering precompiled user dll's ...
Registered in 0.000925 seconds.
Begin MonoManager ReloadAssembly
Native extension for WindowsStandalone target not found
Native extension for WebGL target not found
Refreshing native plugins compatible for Editor in 0.38 ms, found 1 plugins.
Preloading 0 native plugins for Editor in 0.00 ms.
Invoked RoslynAnalysisRunner static constructor.
RoslynAnalysisRunner will not be running.
RoslynAnalysisRunner has terminated.
Mono: successfully reloaded assembly
- Completed reload, in  1.018 seconds
Platform modules already initialized, skipping
Refreshing native plugins compatible for Editor in 0.41 ms, found 1 plugins.
Preloading 0 native plugins for Editor in 0.00 ms.
Unloading 1812 Unused Serialized files (Serialized files now loaded: 0)
System memory in use before: 88.4 MB.
System memory in use after: 88.4 MB.

Unloading 12 unused Assets to reduce memory usage. Loaded Objects now: 2273.
Total: 2.179800 ms (FindLiveObjects: 0.198000 ms CreateObjectMapping: 0.047100 ms MarkObjects: 1.814900 ms  DeleteObjects: 0.118700 ms)

========================================================================
Received Prepare
Registering precompiled user dll's ...
Registered in 0.000982 seconds.
Begin MonoManager ReloadAssembly
Native extension for WindowsStandalone target not found
Native extension for WebGL target not found
Refreshing native plugins compatible for Editor in 0.38 ms, found 1 plugins.
Preloading 0 native plugins for Editor in 0.00 ms.
Invoked RoslynAnalysisRunner static constructor.
RoslynAnalysisRunner will not be running.
RoslynAnalysisRunner has terminated.
Mono: successfully reloaded assembly
- Completed reload, in  1.034 seconds
Platform modules already initialized, skipping
Refreshing native plugins compatible for Editor in 0.40 ms, found 1 plugins.
Preloading 0 native plugins for Editor in 0.00 ms.
Unloading 1812 Unused Serialized files (Serialized files now loaded: 0)
System memory in use before: 88.4 MB.
System memory in use after: 88.4 MB.

Unloading 12 unused Assets to reduce memory usage. Loaded Objects now: 2277.
Total: 2.116700 ms (FindLiveObjects: 0.201400 ms CreateObjectMapping: 0.049600 ms MarkObjects: 1.742500 ms  DeleteObjects: 0.122400 ms)

========================================================================
Received Import Request.
  Time since last request: 360.800358 seconds.
  path: Assets/Scripts/UIManager.cs
  artifactKey: Guid(a8319f8d010a4394fae271e85d3003f1) Importer(815301076,1909f56bfc062723c751e8b465ee728b)
Start importing Assets/Scripts/UIManager.cs using Guid(a8319f8d010a4394fae271e85d3003f1) Importer(815301076,1909f56bfc062723c751e8b465ee728b)  -> (artifact id: 'c2142fe9f9ae2153949361468c93090c') in 0.005648 seconds
  Import took 0.009029 seconds .

========================================================================
Received Import Request.
  Time since last request: 0.001007 seconds.
  path: Assets/Scripts/UIManager.cs
  artifactKey: Guid(a8319f8d010a4394fae271e85d3003f1) Importer(815301076,1909f56bfc062723c751e8b465ee728b)
Start importing Assets/Scripts/UIManager.cs using Guid(a8319f8d010a4394fae271e85d3003f1) Importer(815301076,1909f56bfc062723c751e8b465ee728b)  -> (artifact id: 'c2142fe9f9ae2153949361468c93090c') in 0.001813 seconds
  Import took 0.004646 seconds .

========================================================================
Received Prepare
Registering precompiled user dll's ...
Registered in 0.000921 seconds.
Begin MonoManager ReloadAssembly
Native extension for WindowsStandalone target not found
Native extension for WebGL target not found
Refreshing native plugins compatible for Editor in 0.39 ms, found 1 plugins.
Preloading 0 native plugins for Editor in 0.00 ms.
Invoked RoslynAnalysisRunner static constructor.
RoslynAnalysisRunner will not be running.
RoslynAnalysisRunner has terminated.
Mono: successfully reloaded assembly
- Completed reload, in  1.014 seconds
Platform modules already initialized, skipping
Refreshing native plugins compatible for Editor in 0.38 ms, found 1 plugins.
Preloading 0 native plugins for Editor in 0.00 ms.
Unloading 1812 Unused Serialized files (Serialized files now loaded: 0)
System memory in use before: 88.5 MB.
System memory in use after: 88.5 MB.

Unloading 12 unused Assets to reduce memory usage. Loaded Objects now: 2281.
Total: 2.212600 ms (FindLiveObjects: 0.210800 ms CreateObjectMapping: 0.048700 ms MarkObjects: 1.827100 ms  DeleteObjects: 0.125100 ms)

========================================================================
Received Prepare
Registering precompiled user dll's ...
Registered in 0.000970 seconds.
Begin MonoManager ReloadAssembly
Native extension for WindowsStandalone target not found
Native extension for WebGL target not found
Refreshing native plugins compatible for Editor in 0.40 ms, found 1 plugins.
Preloading 0 native plugins for Editor in 0.00 ms.
Invoked RoslynAnalysisRunner static constructor.
RoslynAnalysisRunner will not be running.
RoslynAnalysisRunner has terminated.
Mono: successfully reloaded assembly
- Completed reload, in  1.017 seconds
Platform modules already initialized, skipping
Refreshing native plugins compatible for Editor in 0.39 ms, found 1 plugins.
Preloading 0 native plugins for Editor in 0.00 ms.
Unloading 1812 Unused Serialized files (Serialized files now loaded: 0)
System memory in use before: 88.5 MB.
System memory in use after: 88.5 MB.

Unloading 12 unused Assets to reduce memory usage. Loaded Objects now: 2285.
Total: 2.299200 ms (FindLiveObjects: 0.224000 ms CreateObjectMapping: 0.046900 ms MarkObjects: 1.897400 ms  DeleteObjects: 0.129600 ms)

========================================================================
Received Import Request.
  Time since last request: 288.259329 seconds.
  path: Assets/Scripts/Coin.cs
  artifactKey: Guid(e25cdae51252be043bc50f897848cc57) Importer(815301076,1909f56bfc062723c751e8b465ee728b)
Start importing Assets/Scripts/Coin.cs using Guid(e25cdae51252be043bc50f897848cc57) Importer(815301076,1909f56bfc062723c751e8b465ee728b)  -> (artifact id: 'ee0e8937737ae0f948febff99495a5c2') in 0.005114 seconds
  Import took 0.008324 seconds .

========================================================================
Received Import Request.
  Time since last request: 404.270386 seconds.
  path: Assets/Scenes/Level.unity
  artifactKey: Guid(2cda990e2423bbf4892e6590ba056729) Importer(815301076,1909f56bfc062723c751e8b465ee728b)
Start importing Assets/Scenes/Level.unity using Guid(2cda990e2423bbf4892e6590ba056729) Importer(815301076,1909f56bfc062723c751e8b465ee728b)  -> (artifact id: '70a4b7ce522eeae175db3865d1ed1433') in 0.011924 seconds
  Import took 0.015223 seconds .

========================================================================
Received Import Request.
  Time since last request: 309.822858 seconds.
  path: Assets/Scripts/GameManager.cs
  artifactKey: Guid(a9831f0016eac374ab25940bdcb8d542) Importer(815301076,1909f56bfc062723c751e8b465ee728b)
Start importing Assets/Scripts/GameManager.cs using Guid(a9831f0016eac374ab25940bdcb8d542) Importer(815301076,1909f56bfc062723c751e8b465ee728b)  -> (artifact id: 'ac87425431ac152f3fe738612cef58f0') in 0.002036 seconds
  Import took 0.005224 seconds .

========================================================================
Received Import Request.
  Time since last request: 0.005435 seconds.
  path: Assets/Scripts/GameManager.cs
  artifactKey: Guid(a9831f0016eac374ab25940bdcb8d542) Importer(815301076,1909f56bfc062723c751e8b465ee728b)
Start importing Assets/Scripts/GameManager.cs using Guid(a9831f0016eac374ab25940bdcb8d542) Importer(815301076,1909f56bfc062723c751e8b465ee728b)  -> (artifact id: 'ac87425431ac152f3fe738612cef58f0') in 0.001788 seconds
  Import took 0.004521 seconds .

========================================================================
Received Prepare
Registering precompiled user dll's ...
Registered in 0.000967 seconds.
Begin MonoManager ReloadAssembly
Native extension for WindowsStandalone target not found
Native extension for WebGL target not found
Refreshing native plugins compatible for Editor in 0.39 ms, found 1 plugins.
Preloading 0 native plugins for Editor in 0.00 ms.
Invoked RoslynAnalysisRunner static constructor.
RoslynAnalysisRunner will not be running.
RoslynAnalysisRunner has terminated.
Mono: successfully reloaded assembly
- Completed reload, in  1.020 seconds
Platform modules already initialized, skipping
Refreshing native plugins compatible for Editor in 0.44 ms, found 1 plugins.
Preloading 0 native plugins for Editor in 0.00 ms.
Unloading 1812 Unused Serialized files (Serialized files now loaded: 0)
System memory in use before: 88.5 MB.
System memory in use after: 88.5 MB.

Unloading 12 unused Assets to reduce memory usage. Loaded Objects now: 2289.
Total: 2.262300 ms (FindLiveObjects: 0.235200 ms CreateObjectMapping: 0.050900 ms MarkObjects: 1.846200 ms  DeleteObjects: 0.128800 ms)

========================================================================
Received Prepare
Registering precompiled user dll's ...
Registered in 0.001019 seconds.
Begin MonoManager ReloadAssembly
Native extension for WindowsStandalone target not found
Native extension for WebGL target not found
Refreshing native plugins compatible for Editor in 0.48 ms, found 1 plugins.
Preloading 0 native plugins for Editor in 0.00 ms.
Invoked RoslynAnalysisRunner static constructor.
RoslynAnalysisRunner will not be running.
RoslynAnalysisRunner has terminated.
Mono: successfully reloaded assembly
- Completed reload, in  1.130 seconds
Platform modules already initialized, skipping
Refreshing native plugins compatible for Editor in 0.39 ms, found 1 plugins.
Preloading 0 native plugins for Editor in 0.00 ms.
Unloading 1812 Unused Serialized files (Serialized files now loaded: 0)
System memory in use before: 88.5 MB.
System memory in use after: 88.5 MB.

Unloading 12 unused Assets to reduce memory usage. Loaded Objects now: 2293.
Total: 2.259100 ms (FindLiveObjects: 0.204300 ms CreateObjectMapping: 0.048000 ms MarkObjects: 1.862800 ms  DeleteObjects: 0.142600 ms)

AssetImportWorkerClient::OnTransportError - code=2 error=End of file
